2016-04-13 07:00:37	INFO	casa::::	---
2016-04-13 07:00:37	INFO	casa::::	CASA Version 4.5.2-REL (r36115)
2016-04-13 07:00:37	INFO	casa::::	  Tagged on: 2016-02-09 17:39:09 -0500 (Tue, 09 Feb 2016)
2016-04-13 07:01:05	INFO	default::::	 #######  Setting values to default for task: immoments  #######
2016-04-13 07:01:25	INFO	importfits::utils::verify	Verifying arguments....File existence checking failed for fitsimage 
2016-04-13 07:01:25	WARN	importfits::utils::verify	Argument fitsimage failed to verify.
2016-04-13 07:01:25	SEVERE	importfits::::	An error occurred running task importfits.
2016-04-13 07:01:32	INFO	default::::	 #######  Setting values to default for task: importfits  #######
2016-04-13 07:01:57	INFO	importfits::::	
2016-04-13 07:01:57	INFO	importfits::::+	##########################################
2016-04-13 07:01:57	INFO	importfits::::+	##### Begin Task: importfits         #####
2016-04-13 07:01:57	INFO	importfits::::	importfits(fitsimage="hcn.fits",imagename="tmp",whichrep=0,whichhdu=-1,zeroblanks=True,
2016-04-13 07:01:57	INFO	importfits::::+	        overwrite=False,defaultaxes=False,defaultaxesvalues=[],beam=[])
2016-04-13 07:01:57	INFO	importfits::::ImageFITSConverter	Processing HDU 0
2016-04-13 07:01:57	INFO	importfits::ImageFITSConverterImpl::FITSToImage 	Created image of shape [512, 512, 250, 1]
2016-04-13 07:01:57	INFO	importfits::ImageFITSConverterImpl::FITSToImage 	Copy FITS file to '/Users/christianbrinch/Projects/ALMA_cycle2/scratch/tmp' All pixels fit in memory (65536000 pixels).
2016-04-13 07:01:59	INFO	importfits::::	##### End Task: importfits           #####
2016-04-13 07:01:59	INFO	importfits::::+	##########################################
2016-04-13 07:02:03	INFO	default::::	 #######  Setting values to default for task: immoments  #######
2016-04-13 07:03:46	INFO	immoments::::	
2016-04-13 07:03:46	INFO	immoments::::+	##########################################
2016-04-13 07:03:46	INFO	immoments::::+	##### Begin Task: immoments          #####
2016-04-13 07:03:46	INFO	immoments::::	immoments(imagename="tmp",moments=[0],axis="spectral",region="",box="",
2016-04-13 07:03:46	INFO	immoments::::+	        chans="0~140",stokes="",mask="",includepix=-1,excludepix=-1,
2016-04-13 07:03:46	INFO	immoments::::+	        outfile="mom0_1",stretch=False)
2016-04-13 07:03:46	INFO	immoments::CasacRegionManager::fromBCS	No directional region specified. Using full positional plane.
2016-04-13 07:03:46	INFO	immoments::CasacRegionManager::fromBCS	Using channel range(s) 
2016-04-13 07:03:46	INFO	immoments::CasacRegionManager::fromBCS	Using polarizations ALL
2016-04-13 07:03:46	INFO	immoments::ImageRegion::fromRecord	Selected bounding box : 
2016-04-13 07:03:46	INFO	immoments::ImageRegion::fromRecord+	    [0, 0, 0, 0] to [511, 511, 140, 0]  (16:27:27.701, -24.41.00.740, 2.65909e+11Hz, I to 16:27:26.202, -24.40.40.300, 2.658838e+11Hz, I)
2016-04-13 07:03:46	INFO	immoments::ImageMoments::createMoments	
2016-04-13 07:03:46	INFO	immoments::ImageMoments::createMoments+	Moment axis type is Frequency
2016-04-13 07:03:46	INFO	immoments::ImageMoments::createMoments	
2016-04-13 07:03:46	INFO	immoments::ImageMoments::createMoments+	
2016-04-13 07:03:46	INFO	immoments::ImageMoments::createMoments+	***********************************************************************
2016-04-13 07:03:46	INFO	immoments::ImageMoments::createMoments+	You have selected the following methods
2016-04-13 07:03:46	INFO	immoments::ImageMoments::createMoments+	The basic method
2016-04-13 07:03:46	INFO	immoments::ImageMoments::createMoments	Created mom0_1
2016-04-13 07:03:46	INFO	immoments::ImageMoments::createMoments	Begin computation of moments
2016-04-13 07:03:47	INFO	immoments::::	##### End Task: immoments            #####
2016-04-13 07:03:47	INFO	immoments::::+	##########################################
2016-04-13 07:04:05	INFO	immoments::::	
2016-04-13 07:04:05	INFO	immoments::::+	##########################################
2016-04-13 07:04:05	INFO	immoments::::+	##### Begin Task: immoments          #####
2016-04-13 07:04:05	INFO	immoments::::	immoments(imagename="tmp",moments=[0],axis="spectral",region="",box="",
2016-04-13 07:04:05	INFO	immoments::::+	        chans="140~249",stokes="",mask="",includepix=-1,excludepix=-1,
2016-04-13 07:04:05	INFO	immoments::::+	        outfile="mom0_2",stretch=False)
2016-04-13 07:04:05	INFO	immoments::CasacRegionManager::fromBCS	No directional region specified. Using full positional plane.
2016-04-13 07:04:05	INFO	immoments::CasacRegionManager::fromBCS	Using channel range(s) 
2016-04-13 07:04:05	INFO	immoments::CasacRegionManager::fromBCS	Using polarizations ALL
2016-04-13 07:04:05	INFO	immoments::ImageRegion::fromRecord	Selected bounding box : 
2016-04-13 07:04:05	INFO	immoments::ImageRegion::fromRecord+	    [0, 0, 140, 0] to [511, 511, 249, 0]  (16:27:27.701, -24.41.00.740, 2.658838e+11Hz, I to 16:27:26.202, -24.40.40.300, 2.658644e+11Hz, I)
2016-04-13 07:04:05	INFO	immoments::ImageMoments::createMoments	
2016-04-13 07:04:05	INFO	immoments::ImageMoments::createMoments+	Moment axis type is Frequency
2016-04-13 07:04:05	INFO	immoments::ImageMoments::createMoments	
2016-04-13 07:04:05	INFO	immoments::ImageMoments::createMoments+	
2016-04-13 07:04:05	INFO	immoments::ImageMoments::createMoments+	***********************************************************************
2016-04-13 07:04:05	INFO	immoments::ImageMoments::createMoments+	You have selected the following methods
2016-04-13 07:04:05	INFO	immoments::ImageMoments::createMoments+	The basic method
2016-04-13 07:04:05	INFO	immoments::ImageMoments::createMoments	Created mom0_2
2016-04-13 07:04:05	INFO	immoments::ImageMoments::createMoments	Begin computation of moments
2016-04-13 07:04:06	INFO	immoments::::	##### End Task: immoments            #####
2016-04-13 07:04:06	INFO	immoments::::+	##########################################
2016-04-13 07:17:52	INFO	immoments::::	
2016-04-13 07:17:52	INFO	immoments::::+	##########################################
2016-04-13 07:17:52	INFO	immoments::::+	##### Begin Task: immoments          #####
2016-04-13 07:17:52	INFO	immoments::::	immoments(imagename="hco32",moments=[0],axis="spectral",region="",box="",
2016-04-13 07:17:52	INFO	immoments::::+	        chans="110~194",stokes="",mask="",includepix=-1,excludepix=-1,
2016-04-13 07:17:52	INFO	immoments::::+	        outfile="mom0_3",stretch=False)
2016-04-13 07:17:52	INFO	immoments::CasacRegionManager::fromBCS	No directional region specified. Using full positional plane.
2016-04-13 07:17:52	INFO	immoments::CasacRegionManager::fromBCS	Using channel range(s) 
2016-04-13 07:17:52	INFO	immoments::CasacRegionManager::fromBCS	Using polarizations ALL
2016-04-13 07:17:52	INFO	immoments::ImageRegion::fromRecord	Selected bounding box : 
2016-04-13 07:17:52	INFO	immoments::ImageRegion::fromRecord+	    [0, 0, 110, 0] to [511, 511, 194, 0]  (16:27:27.701, -24.41.00.740, 2.675612e+11Hz, I to 16:27:26.202, -24.40.40.300, 2.6755371e+11Hz, I)
2016-04-13 07:17:52	INFO	immoments::ImageMoments::createMoments	
2016-04-13 07:17:52	INFO	immoments::ImageMoments::createMoments+	Moment axis type is Frequency
2016-04-13 07:17:52	INFO	immoments::ImageMoments::createMoments	
2016-04-13 07:17:52	INFO	immoments::ImageMoments::createMoments+	
2016-04-13 07:17:52	INFO	immoments::ImageMoments::createMoments+	***********************************************************************
2016-04-13 07:17:52	INFO	immoments::ImageMoments::createMoments+	You have selected the following methods
2016-04-13 07:17:52	INFO	immoments::ImageMoments::createMoments+	The basic method
2016-04-13 07:17:52	INFO	immoments::ImageMoments::createMoments	Created mom0_3
2016-04-13 07:17:52	INFO	immoments::ImageMoments::createMoments	Begin computation of moments
2016-04-13 07:17:54	INFO	immoments::::	##### End Task: immoments            #####
2016-04-13 07:17:54	INFO	immoments::::+	##########################################
2016-04-13 07:18:14	INFO	immoments::::	
2016-04-13 07:18:14	INFO	immoments::::+	##########################################
2016-04-13 07:18:14	INFO	immoments::::+	##### Begin Task: immoments          #####
2016-04-13 07:18:14	INFO	immoments::::	immoments(imagename="hco32",moments=[0],axis="spectral",region="",box="",
2016-04-13 07:18:14	INFO	immoments::::+	        chans="194~280",stokes="",mask="",includepix=-1,excludepix=-1,
2016-04-13 07:18:14	INFO	immoments::::+	        outfile="mom0_4",stretch=False)
2016-04-13 07:18:14	INFO	immoments::CasacRegionManager::fromBCS	No directional region specified. Using full positional plane.
2016-04-13 07:18:14	INFO	immoments::CasacRegionManager::fromBCS	Using channel range(s) 
2016-04-13 07:18:14	INFO	immoments::CasacRegionManager::fromBCS	Using polarizations ALL
2016-04-13 07:18:14	INFO	immoments::ImageRegion::fromRecord	Selected bounding box : 
2016-04-13 07:18:14	INFO	immoments::ImageRegion::fromRecord+	    [0, 0, 194, 0] to [511, 511, 280, 0]  (16:27:27.701, -24.41.00.740, 2.6755371e+11Hz, I to 16:27:26.202, -24.40.40.300, 2.6754603e+11Hz, I)
2016-04-13 07:18:14	INFO	immoments::ImageMoments::createMoments	
2016-04-13 07:18:14	INFO	immoments::ImageMoments::createMoments+	Moment axis type is Frequency
2016-04-13 07:18:14	INFO	immoments::ImageMoments::createMoments	
2016-04-13 07:18:14	INFO	immoments::ImageMoments::createMoments+	
2016-04-13 07:18:14	INFO	immoments::ImageMoments::createMoments+	***********************************************************************
2016-04-13 07:18:14	INFO	immoments::ImageMoments::createMoments+	You have selected the following methods
2016-04-13 07:18:14	INFO	immoments::ImageMoments::createMoments+	The basic method
2016-04-13 07:18:14	INFO	immoments::ImageMoments::createMoments	Created mom0_4
2016-04-13 07:18:14	INFO	immoments::ImageMoments::createMoments	Begin computation of moments
2016-04-13 07:18:16	INFO	immoments::::	##### End Task: immoments            #####
2016-04-13 07:18:16	INFO	immoments::::+	##########################################
2016-04-13 08:10:35	INFO	viewer::::	
2016-04-13 08:10:35	INFO	viewer::::+	##########################################
2016-04-13 08:10:35	INFO	viewer::::+	##### Begin Task: viewer             #####
2016-04-13 08:10:35	INFO	viewer::::	viewer(infile="",displaytype="raster",channel=0,zoom=1,outfile="mom0_4",
2016-04-13 08:10:35	INFO	viewer::::+	        outscale=1.0,outdpi=300,outformat="jpg",outlandscape=False,gui=True)
2016-04-13 08:10:36	INFO	viewer::::	##### End Task: viewer               #####
2016-04-13 08:10:36	INFO	viewer::::+	##########################################
2016-04-13 08:11:01	INFO	QtProfile::setCollapseVals	Initial collapse values set: -25000 and 24800
2016-04-13 08:11:01	INFO	QtProfile::setCollapseVals	Initial collapse values set: -25000 and 24800
2016-04-13 08:13:49	INFO	viewer::::	
2016-04-13 08:13:49	INFO	viewer::::+	##########################################
2016-04-13 08:13:49	INFO	viewer::::+	##### Begin Task: viewer             #####
2016-04-13 08:13:49	INFO	viewer::::	viewer(infile="",displaytype="raster",channel=0,zoom=1,outfile="mom0_4",
2016-04-13 08:13:49	INFO	viewer::::+	        outscale=1.0,outdpi=300,outformat="jpg",outlandscape=False,gui=True)
2016-04-13 08:13:49	INFO	viewer::::	##### End Task: viewer               #####
2016-04-13 08:13:49	INFO	viewer::::+	##########################################
2016-04-13 08:17:23	INFO	QtProfile::setCollapseVals	Initial collapse values set: -25000 and 24800
2016-04-13 08:17:23	INFO	QtProfile::setCollapseVals	Initial collapse values set: -25000 and 24800
