#log# Automatic Logger file. *** THIS MUST BE THE FIRST LINE ***
#log# DO NOT CHANGE THIS LINE OR THE TWO BELOW -* coding: UTF-8 *-
#log# opts = Struct({'__allownew': True,
 'autocall': 2,
 'banner': 0,
 'colors': 'LightBG',
 'ipythondir': '/Users/christianbrinch/.casa/ipython',
 'logfile': 'ipython-20160413-070036.log',
 'messages': 0,
 'prompt_in1': 'CASA <\\#>: '})
#log# args = []
#log# It is safe to make manual edits below here.
#log#-----------------------------------------------------------------------
execfile("/Applications/CASA.app/Contents/Resources/python/assignmentFilter.py")
_ip.magic("cd ")
_ip.magic("cd Projects/ALMA_cycle2/scratch/")
default(moment)
tasklist()
default(immoments)
inp()
importfits()
default(importfits)
ip
inp()
fitsimage='hcn.fits'
_ip.system("ls -F ")
inp()
imagename='tmp'
go()
default(immoments)
inp()
imagename='tmp'
chans='0~140'
outfile='mom0_1'
go()
chans='140~249'
outfile='mom0_2'
go()
_ip.system("ls -F ")
inp()
imagename='hco32'
outfile='mom0_3'
chans='110~194'
go()
chans='110~194'
chans='194~280'
outfile='mom0_4'
go()
viewer()
viewer()
0.09*120.
0.05*120.
0.57*120.
0.57*120.
0.09*120.
0.052*120.
exit()
